2\r\n3:2\n2
3:2\n
 totalnum:6
3:2
5:2
6:1
7:1

 totalnum:4
3:2
5:1
7:1

 totalnum:2
3:1
6:1

 totalnum:

 totalnum:2
3:2
::

 totalnum:2
3:2
::

 totalnum:2
5:2
::

 totalnum:3
3:1
9?3
::
5:2
9?5
::

 totalnum:2
5:2
9?5
9x5
::

 totalnum:2
5:2
9?5
0::1

 totalnum:1
10:1
::

 totalnum:1
12:1
::
empty string

 totalnum:1
3:1
0::2

 totalnum:3
5:3
0::1
修改菜品:5:3

 totalnum:1
5:1
0::3
修改菜品:5:1

 totalnum:1
3:1
0::2
修改菜品:3:1

 totalnum:0
3:0
0::1
修改菜品:3:0

 totalnum:4
3:2
0::0
修改菜品:3:2
5:2
0::1
修改菜品:5:2

 totalnum:2
5:2
0::2

 totalnum:0
CookAction: SQL Error 2

 totalnum:4
5:1
::
新增菜品:5:1
6:2
::
新增菜品:6:2
7:1
::
新增菜品:7:1

 totalnum:1
5:1
0::2
修改菜品:5:1

 totalnum:3
3:1
::
新增菜品:3:1
5:2
::
新增菜品:5:2

 totalnum:5
3:1
::
新增菜品:3:1
5:3
::
新增菜品:5:3
6:1
::
新增菜品:6:1

 totalnum:3
3:3
0::1
修改菜品:3:3

 totalnum:0

 totalnum:0

 totalnum:0

 totalnum:0

 totalnum:0

 totalnum:0

 totalnum:0

 totalnum:0

 totalnum:2
5:1
0::3
修改菜品:5:1
6:1
0::1

 totalnum:2
5:1
::
新增菜品:5:1
6:1
::
新增菜品:6:1

 totalnum:4
5:1
0::1
6:3
0::1
修改菜品:6:3

 totalnum:0
5:0
0::1
修改菜品:5:0
6:0
0::3
修改菜品:6:0

 totalnum:3
5:1
0::0
修改菜品:5:1
6:2
0::0
修改菜品:6:2
6:1
0::2
修改菜品:6:1
5:1
0::1
CookAction: SQL Error 1

 totalnum:

 totalnum:

 totalnum:4
5:2
0::1
修改菜品:5:2
6:1
0::1
7:1
::
新增菜品:7:1

 totalnum:3
5:2
0::2
6:1
0::1

 totalnum:3
5:2
0::2
6:0
0::1
修改菜品:6:0
7:1
0::1

 totalnum:4
5:2
0::2
7:1
0::1
11:1
::
新增菜品:11:1

 totalnum:3
5:2
0::2
7:0
0::1
修改菜品:7:0
11:1
0::1
CookAction: SQL Error 1

 totalnum:4
5:1
::
新增菜品:5:1
3:1
::
新增菜品:3:1
6:1
::
新增菜品:6:1
7:1
::
新增菜品:7:1

 totalnum:1
5:1
::
新增菜品:5:1

 totalnum:2
5:1
::
新增菜品:5:1
6:1
::
新增菜品:6:1

 totalnum:2
6:1
::
新增菜品:6:1
5:1
::
新增菜品:5:1

 totalnum:2
6:1
0::1
5:1
0::1

 totalnum:3
5:1
0::1
6:1
0::1
7:1
::
新增菜品:7:1

 totalnum:4
5:1
0::1
6:1
0::1
7:1
0::1
3:1
::
新增菜品:3:1

 totalnum:3
12:1
::
新增菜品:12:1
11:2
::
新增菜品:11:2

 totalnum:2
10:1
::
新增菜品:10:1
8:1
::
新增菜品:8:1

 totalnum:2
5:1
::
新增菜品:5:1
6:1
::
新增菜品:6:1

 totalnum:3
5:2
1::2
11:1
1::1

 totalnum:3
5:2
1::2
11:1
1::1

 totalnum:3
8:2
0::1
修改菜品:8:2
10:1
0::1

 totalnum:5
8:2
0::2
10:3
0::1
修改菜品:10:3

 totalnum:1
8:1
0::2
修改菜品:8:1
10:0
0::3
修改菜品:10:0

 totalnum:2
8:1
0::1
10:1
::
新增菜品:10:1

 totalnum:4
8:1
0::1
10:3
::
新增菜品:10:3

 totalnum:2
8:1
0::1
6:1
::
新增菜品:6:1

 totalnum:2
8:1
0::1
5:1
::
新增菜品:5:1

 totalnum:2
8:1
0::1
5:1
::
新增菜品:5:1

 totalnum:2
8:1
0::1
10:1
::
新增菜品:10:1

 totalnum:3
8:1
0::1
10:2
0::1
修改菜品:10:2

 totalnum:1
3:1
::
新增菜品:3:1

 totalnum:2
3:1
0::1
6:1
::
新增菜品:6:1

 totalnum:1
5:1
0::1
6:1
0::1
3:1
::
新增菜品:3:1

 totalnum:2
3:1
0::1
5:0
0::1
修改菜品:5:0
6:1
0::1
